{"numTotalTestSuites":2,"numPassedTestSuites":0,"numFailedTestSuites":2,"numPendingTestSuites":0,"numTotalTests":3,"numPassedTests":0,"numFailedTests":3,"numPendingTests":0,"numTodoTests":0,"snapshot":{"added":0,"failure":false,"filesAdded":0,"filesRemoved":0,"filesRemovedList":[],"filesUnmatched":0,"filesUpdated":0,"matched":0,"total":0,"unchecked":0,"uncheckedKeysByFile":[],"unmatched":0,"updated":0,"didUpdate":false},"startTime":1755763973048,"success":false,"testResults":[{"assertionResults":[{"ancestorTitles":["ConfigForm"],"fullName":"ConfigForm 应该正确渲染表单","status":"failed","title":"应该正确渲染表单","duration":313.64280000000144,"failureMessages":["AggregateError: \n    at aggregateErrors (C:\\Users\\wantao\\Code\\wantapp\\node_modules\\.pnpm\\react@19.1.1\\node_modules\\react\\cjs\\react.development.js:527:11)\n    at process.env.NODE_ENV.exports.act (C:\\Users\\wantao\\Code\\wantapp\\node_modules\\.pnpm\\react@19.1.1\\node_modules\\react\\cjs\\react.development.js:873:24)\n    at C:\\Users\\wantao\\Code\\wantapp\\node_modules\\.pnpm\\@testing-library+react@16.3_6479d15b625ec3d34ccbc3611f2e562b\\node_modules\\@testing-library\\react\\dist\\act-compat.js:47:25\n    at renderRoot (C:\\Users\\wantao\\Code\\wantapp\\node_modules\\.pnpm\\@testing-library+react@16.3_6479d15b625ec3d34ccbc3611f2e562b\\node_modules\\@testing-library\\react\\dist\\pure.js:190:26)\n    at Proxy.render (C:\\Users\\wantao\\Code\\wantapp\\node_modules\\.pnpm\\@testing-library+react@16.3_6479d15b625ec3d34ccbc3611f2e562b\\node_modules\\@testing-library\\react\\dist\\pure.js:292:10)\n    at C:\\Users\\wantao\\Code\\wantapp\\tests\\ui\\ConfigForm.test.tsx:56:5\n    at file:///C:/Users/wantao/Code/wantapp/node_modules/.pnpm/@vitest+runner@2.1.9/node_modules/@vitest/runner/dist/index.js:146:14\n    at file:///C:/Users/wantao/Code/wantapp/node_modules/.pnpm/@vitest+runner@2.1.9/node_modules/@vitest/runner/dist/index.js:533:11\n    at runWithTimeout (file:///C:/Users/wantao/Code/wantapp/node_modules/.pnpm/@vitest+runner@2.1.9/node_modules/@vitest/runner/dist/index.js:39:7)\n    at runTest (file:///C:/Users/wantao/Code/wantapp/node_modules/.pnpm/@vitest+runner@2.1.9/node_modules/@vitest/runner/dist/index.js:1056:17)"],"meta":{}},{"ancestorTitles":["ConfigForm"],"fullName":"ConfigForm 应该支持禁用状态","status":"failed","title":"应该支持禁用状态","duration":78.64410000000134,"failureMessages":["AggregateError: \n    at aggregateErrors (C:\\Users\\wantao\\Code\\wantapp\\node_modules\\.pnpm\\react@19.1.1\\node_modules\\react\\cjs\\react.development.js:527:11)\n    at process.env.NODE_ENV.exports.act (C:\\Users\\wantao\\Code\\wantapp\\node_modules\\.pnpm\\react@19.1.1\\node_modules\\react\\cjs\\react.development.js:873:24)\n    at C:\\Users\\wantao\\Code\\wantapp\\node_modules\\.pnpm\\@testing-library+react@16.3_6479d15b625ec3d34ccbc3611f2e562b\\node_modules\\@testing-library\\react\\dist\\act-compat.js:47:25\n    at renderRoot (C:\\Users\\wantao\\Code\\wantapp\\node_modules\\.pnpm\\@testing-library+react@16.3_6479d15b625ec3d34ccbc3611f2e562b\\node_modules\\@testing-library\\react\\dist\\pure.js:190:26)\n    at Proxy.render (C:\\Users\\wantao\\Code\\wantapp\\node_modules\\.pnpm\\@testing-library+react@16.3_6479d15b625ec3d34ccbc3611f2e562b\\node_modules\\@testing-library\\react\\dist\\pure.js:292:10)\n    at C:\\Users\\wantao\\Code\\wantapp\\tests\\ui\\ConfigForm.test.tsx:63:5\n    at file:///C:/Users/wantao/Code/wantapp/node_modules/.pnpm/@vitest+runner@2.1.9/node_modules/@vitest/runner/dist/index.js:146:14\n    at file:///C:/Users/wantao/Code/wantapp/node_modules/.pnpm/@vitest+runner@2.1.9/node_modules/@vitest/runner/dist/index.js:533:11\n    at runWithTimeout (file:///C:/Users/wantao/Code/wantapp/node_modules/.pnpm/@vitest+runner@2.1.9/node_modules/@vitest/runner/dist/index.js:39:7)\n    at runTest (file:///C:/Users/wantao/Code/wantapp/node_modules/.pnpm/@vitest+runner@2.1.9/node_modules/@vitest/runner/dist/index.js:1056:17)"],"meta":{}},{"ancestorTitles":["ConfigForm"],"fullName":"ConfigForm 应该支持加载状态","status":"failed","title":"应该支持加载状态","duration":54.0671999999995,"failureMessages":["AggregateError: \n    at aggregateErrors (C:\\Users\\wantao\\Code\\wantapp\\node_modules\\.pnpm\\react@19.1.1\\node_modules\\react\\cjs\\react.development.js:527:11)\n    at process.env.NODE_ENV.exports.act (C:\\Users\\wantao\\Code\\wantapp\\node_modules\\.pnpm\\react@19.1.1\\node_modules\\react\\cjs\\react.development.js:873:24)\n    at C:\\Users\\wantao\\Code\\wantapp\\node_modules\\.pnpm\\@testing-library+react@16.3_6479d15b625ec3d34ccbc3611f2e562b\\node_modules\\@testing-library\\react\\dist\\act-compat.js:47:25\n    at renderRoot (C:\\Users\\wantao\\Code\\wantapp\\node_modules\\.pnpm\\@testing-library+react@16.3_6479d15b625ec3d34ccbc3611f2e562b\\node_modules\\@testing-library\\react\\dist\\pure.js:190:26)\n    at Proxy.render (C:\\Users\\wantao\\Code\\wantapp\\node_modules\\.pnpm\\@testing-library+react@16.3_6479d15b625ec3d34ccbc3611f2e562b\\node_modules\\@testing-library\\react\\dist\\pure.js:292:10)\n    at C:\\Users\\wantao\\Code\\wantapp\\tests\\ui\\ConfigForm.test.tsx:73:5\n    at file:///C:/Users/wantao/Code/wantapp/node_modules/.pnpm/@vitest+runner@2.1.9/node_modules/@vitest/runner/dist/index.js:146:14\n    at file:///C:/Users/wantao/Code/wantapp/node_modules/.pnpm/@vitest+runner@2.1.9/node_modules/@vitest/runner/dist/index.js:533:11\n    at runWithTimeout (file:///C:/Users/wantao/Code/wantapp/node_modules/.pnpm/@vitest+runner@2.1.9/node_modules/@vitest/runner/dist/index.js:39:7)\n    at runTest (file:///C:/Users/wantao/Code/wantapp/node_modules/.pnpm/@vitest+runner@2.1.9/node_modules/@vitest/runner/dist/index.js:1056:17)"],"meta":{}}],"startTime":1755763982045,"endTime":1755763982491.0671,"status":"failed","message":"","name":"C:/Users/wantao/Code/wantapp/tests/ui/ConfigForm.test.tsx"}]}