<?xml version="1.0" encoding="UTF-8" ?>
<testsuites name="vitest tests" tests="24" failures="8" errors="0" time="7.041">
    <testsuite name="tests/ui/form/FormItemRenderer.test.tsx" timestamp="2025-08-21T08:46:56.299Z" hostname="LAPTOP-4MJ5QFPV" tests="24" failures="8" errors="0" skipped="0" time="0.5733204">
        <testcase classname="tests/ui/form/FormItemRenderer.test.tsx" name="FormItemRenderer &gt; 应该正确渲染 input 类型的表单项" time="0.1476685">
            <failure message="Unable to find an element by: [data-testid=&quot;input-item&quot;]

Ignored nodes: comments, script, style
[36m&lt;body&gt;[39m
  [36m&lt;div&gt;[39m
    [36m&lt;input[39m
      [33mdata-testid[39m=[32m&quot;input-test&quot;[39m
      [33mplaceholder[39m=[32m&quot;请输入&quot;[39m
      [33mtype[39m=[32m&quot;text&quot;[39m
      [33mvalue[39m=[32m&quot;test value&quot;[39m
    [36m/&gt;[39m
  [36m&lt;/div&gt;[39m
[36m&lt;/body&gt;[39m" type="TestingLibraryElementError">
TestingLibraryElementError: Unable to find an element by: [data-testid=&quot;input-item&quot;]

Ignored nodes: comments, script, style
&lt;body&gt;
  &lt;div&gt;
    &lt;input
      data-testid=&quot;input-test&quot;
      placeholder=&quot;请输入&quot;
      type=&quot;text&quot;
      value=&quot;test value&quot;
    /&gt;
  &lt;/div&gt;
&lt;/body&gt;
 ❯ Object.getElementError node_modules/.pnpm/@testing-library+dom@10.4.1/node_modules/@testing-library/dom/dist/config.js:37:19
 ❯ node_modules/.pnpm/@testing-library+dom@10.4.1/node_modules/@testing-library/dom/dist/query-helpers.js:76:38
 ❯ node_modules/.pnpm/@testing-library+dom@10.4.1/node_modules/@testing-library/dom/dist/query-helpers.js:52:17
 ❯ node_modules/.pnpm/@testing-library+dom@10.4.1/node_modules/@testing-library/dom/dist/query-helpers.js:95:19
 ❯ tests/ui/form/FormItemRenderer.test.tsx:195:19
            </failure>
        </testcase>
        <testcase classname="tests/ui/form/FormItemRenderer.test.tsx" name="FormItemRenderer &gt; 应该正确渲染 number 类型的表单项" time="0.0161394">
            <failure message="[2mexpect([22m[31melement[39m[2m).toHaveValue([22m[32m42[39m[2m)[22m

Expected the element to have value:
[32m  42 (string)[39m
Received:
[31m  42 (number)[39m" type="Error">
Error: expect(element).toHaveValue(42)

Expected the element to have value:
  42 (string)
Received:
  42 (number)
 ❯ tests/ui/form/FormItemRenderer.test.tsx:211:47
            </failure>
        </testcase>
        <testcase classname="tests/ui/form/FormItemRenderer.test.tsx" name="FormItemRenderer &gt; 应该正确渲染 select 类型的表单项" time="0.0348239">
        </testcase>
        <testcase classname="tests/ui/form/FormItemRenderer.test.tsx" name="FormItemRenderer &gt; 应该正确渲染 radio 类型的表单项" time="0.0117937">
        </testcase>
        <testcase classname="tests/ui/form/FormItemRenderer.test.tsx" name="FormItemRenderer &gt; 应该正确渲染 checkbox 类型的表单项" time="0.0278821">
        </testcase>
        <testcase classname="tests/ui/form/FormItemRenderer.test.tsx" name="FormItemRenderer &gt; 应该正确渲染 switch 类型的表单项" time="0.010902">
        </testcase>
        <testcase classname="tests/ui/form/FormItemRenderer.test.tsx" name="FormItemRenderer &gt; 应该正确渲染 date 类型的表单项" time="0.0111567">
        </testcase>
        <testcase classname="tests/ui/form/FormItemRenderer.test.tsx" name="FormItemRenderer &gt; 应该正确渲染 upload 类型的表单项" time="0.0062318">
        </testcase>
        <testcase classname="tests/ui/form/FormItemRenderer.test.tsx" name="FormItemRenderer &gt; 应该正确渲染 cascader 类型的表单项" time="0.0154668">
        </testcase>
        <testcase classname="tests/ui/form/FormItemRenderer.test.tsx" name="FormItemRenderer &gt; 应该正确渲染 treeSelect 类型的表单项" time="0.0362302">
        </testcase>
        <testcase classname="tests/ui/form/FormItemRenderer.test.tsx" name="FormItemRenderer &gt; 应该正确渲染 rate 类型的表单项" time="0.0144694">
        </testcase>
        <testcase classname="tests/ui/form/FormItemRenderer.test.tsx" name="FormItemRenderer &gt; 应该正确渲染 slider 类型的表单项" time="0.0176019">
        </testcase>
        <testcase classname="tests/ui/form/FormItemRenderer.test.tsx" name="FormItemRenderer &gt; 应该正确渲染 colorPicker 类型的表单项" time="0.0072677">
        </testcase>
        <testcase classname="tests/ui/form/FormItemRenderer.test.tsx" name="FormItemRenderer &gt; 应该正确渲染 custom 类型的表单项" time="0.0045732">
        </testcase>
        <testcase classname="tests/ui/form/FormItemRenderer.test.tsx" name="FormItemRenderer &gt; 应该支持 textarea 类型" time="0.0040082">
            <failure message="Unable to find an element by: [data-testid=&quot;input-item&quot;]

Ignored nodes: comments, script, style
[36m&lt;body&gt;[39m
  [36m&lt;div&gt;[39m
    [36m&lt;input[39m
      [33mdata-testid[39m=[32m&quot;input-test&quot;[39m
      [33mplaceholder[39m=[32m&quot;请输入&quot;[39m
      [33mtype[39m=[32m&quot;text&quot;[39m
      [33mvalue[39m=[32m&quot;&quot;[39m
    [36m/&gt;[39m
  [36m&lt;/div&gt;[39m
[36m&lt;/body&gt;[39m" type="TestingLibraryElementError">
TestingLibraryElementError: Unable to find an element by: [data-testid=&quot;input-item&quot;]

Ignored nodes: comments, script, style
&lt;body&gt;
  &lt;div&gt;
    &lt;input
      data-testid=&quot;input-test&quot;
      placeholder=&quot;请输入&quot;
      type=&quot;text&quot;
      value=&quot;&quot;
    /&gt;
  &lt;/div&gt;
&lt;/body&gt;
 ❯ Object.getElementError node_modules/.pnpm/@testing-library+dom@10.4.1/node_modules/@testing-library/dom/dist/config.js:37:19
 ❯ node_modules/.pnpm/@testing-library+dom@10.4.1/node_modules/@testing-library/dom/dist/query-helpers.js:76:38
 ❯ node_modules/.pnpm/@testing-library+dom@10.4.1/node_modules/@testing-library/dom/dist/query-helpers.js:52:17
 ❯ node_modules/.pnpm/@testing-library+dom@10.4.1/node_modules/@testing-library/dom/dist/query-helpers.js:95:19
 ❯ tests/ui/form/FormItemRenderer.test.tsx:419:19
            </failure>
        </testcase>
        <testcase classname="tests/ui/form/FormItemRenderer.test.tsx" name="FormItemRenderer &gt; 应该支持 password 类型" time="0.0104806">
            <failure message="Unable to find an element by: [data-testid=&quot;input-item&quot;]

Ignored nodes: comments, script, style
[36m&lt;body&gt;[39m
  [36m&lt;div&gt;[39m
    [36m&lt;input[39m
      [33mdata-testid[39m=[32m&quot;input-test&quot;[39m
      [33mplaceholder[39m=[32m&quot;请输入&quot;[39m
      [33mtype[39m=[32m&quot;text&quot;[39m
      [33mvalue[39m=[32m&quot;&quot;[39m
    [36m/&gt;[39m
  [36m&lt;/div&gt;[39m
[36m&lt;/body&gt;[39m" type="TestingLibraryElementError">
TestingLibraryElementError: Unable to find an element by: [data-testid=&quot;input-item&quot;]

Ignored nodes: comments, script, style
&lt;body&gt;
  &lt;div&gt;
    &lt;input
      data-testid=&quot;input-test&quot;
      placeholder=&quot;请输入&quot;
      type=&quot;text&quot;
      value=&quot;&quot;
    /&gt;
  &lt;/div&gt;
&lt;/body&gt;
 ❯ Object.getElementError node_modules/.pnpm/@testing-library+dom@10.4.1/node_modules/@testing-library/dom/dist/config.js:37:19
 ❯ node_modules/.pnpm/@testing-library+dom@10.4.1/node_modules/@testing-library/dom/dist/query-helpers.js:76:38
 ❯ node_modules/.pnpm/@testing-library+dom@10.4.1/node_modules/@testing-library/dom/dist/query-helpers.js:52:17
 ❯ node_modules/.pnpm/@testing-library+dom@10.4.1/node_modules/@testing-library/dom/dist/query-helpers.js:95:19
 ❯ tests/ui/form/FormItemRenderer.test.tsx:432:19
            </failure>
        </testcase>
        <testcase classname="tests/ui/form/FormItemRenderer.test.tsx" name="FormItemRenderer &gt; 应该支持 multiSelect 类型" time="0.0038325">
        </testcase>
        <testcase classname="tests/ui/form/FormItemRenderer.test.tsx" name="FormItemRenderer &gt; 应该支持 dateRange 类型" time="0.0014748">
        </testcase>
        <testcase classname="tests/ui/form/FormItemRenderer.test.tsx" name="FormItemRenderer &gt; 应该支持 time 类型" time="0.0015823">
        </testcase>
        <testcase classname="tests/ui/form/FormItemRenderer.test.tsx" name="FormItemRenderer &gt; 应该处理未知类型并回退到默认 Input" time="0.167005">
        </testcase>
        <testcase classname="tests/ui/form/FormItemRenderer.test.tsx" name="FormItemRenderer &gt; 应该传递 disabled 属性" time="0.0080715">
            <failure message="Unable to find an element by: [data-testid=&quot;input-item&quot;]

Ignored nodes: comments, script, style
[36m&lt;body&gt;[39m
  [36m&lt;div&gt;[39m
    [36m&lt;input[39m
      [33mdata-testid[39m=[32m&quot;input-test&quot;[39m
      [33mdisabled[39m=[32m&quot;&quot;[39m
      [33mplaceholder[39m=[32m&quot;请输入&quot;[39m
      [33mtype[39m=[32m&quot;text&quot;[39m
      [33mvalue[39m=[32m&quot;&quot;[39m
    [36m/&gt;[39m
  [36m&lt;/div&gt;[39m
[36m&lt;/body&gt;[39m" type="TestingLibraryElementError">
TestingLibraryElementError: Unable to find an element by: [data-testid=&quot;input-item&quot;]

Ignored nodes: comments, script, style
&lt;body&gt;
  &lt;div&gt;
    &lt;input
      data-testid=&quot;input-test&quot;
      disabled=&quot;&quot;
      placeholder=&quot;请输入&quot;
      type=&quot;text&quot;
      value=&quot;&quot;
    /&gt;
  &lt;/div&gt;
&lt;/body&gt;
 ❯ Object.getElementError node_modules/.pnpm/@testing-library+dom@10.4.1/node_modules/@testing-library/dom/dist/config.js:37:19
 ❯ node_modules/.pnpm/@testing-library+dom@10.4.1/node_modules/@testing-library/dom/dist/query-helpers.js:76:38
 ❯ node_modules/.pnpm/@testing-library+dom@10.4.1/node_modules/@testing-library/dom/dist/query-helpers.js:52:17
 ❯ node_modules/.pnpm/@testing-library+dom@10.4.1/node_modules/@testing-library/dom/dist/query-helpers.js:95:19
 ❯ tests/ui/form/FormItemRenderer.test.tsx:498:19
            </failure>
        </testcase>
        <testcase classname="tests/ui/form/FormItemRenderer.test.tsx" name="FormItemRenderer &gt; 应该处理 onChange 回调" time="0.0040312">
            <failure message="Unable to find an element by: [data-testid=&quot;input-item&quot;]

Ignored nodes: comments, script, style
[36m&lt;body&gt;[39m
  [36m&lt;div&gt;[39m
    [36m&lt;input[39m
      [33mdata-testid[39m=[32m&quot;input-test&quot;[39m
      [33mplaceholder[39m=[32m&quot;请输入&quot;[39m
      [33mtype[39m=[32m&quot;text&quot;[39m
      [33mvalue[39m=[32m&quot;&quot;[39m
    [36m/&gt;[39m
  [36m&lt;/div&gt;[39m
[36m&lt;/body&gt;[39m" type="TestingLibraryElementError">
TestingLibraryElementError: Unable to find an element by: [data-testid=&quot;input-item&quot;]

Ignored nodes: comments, script, style
&lt;body&gt;
  &lt;div&gt;
    &lt;input
      data-testid=&quot;input-test&quot;
      placeholder=&quot;请输入&quot;
      type=&quot;text&quot;
      value=&quot;&quot;
    /&gt;
  &lt;/div&gt;
&lt;/body&gt;
 ❯ Object.getElementError node_modules/.pnpm/@testing-library+dom@10.4.1/node_modules/@testing-library/dom/dist/config.js:37:19
 ❯ node_modules/.pnpm/@testing-library+dom@10.4.1/node_modules/@testing-library/dom/dist/query-helpers.js:76:38
 ❯ node_modules/.pnpm/@testing-library+dom@10.4.1/node_modules/@testing-library/dom/dist/query-helpers.js:52:17
 ❯ node_modules/.pnpm/@testing-library+dom@10.4.1/node_modules/@testing-library/dom/dist/query-helpers.js:95:19
 ❯ tests/ui/form/FormItemRenderer.test.tsx:511:26
            </failure>
        </testcase>
        <testcase classname="tests/ui/form/FormItemRenderer.test.tsx" name="FormItemRenderer &gt; 应该处理 config 中的 disabled 属性" time="0.0027874">
            <failure message="Unable to find an element by: [data-testid=&quot;input-item&quot;]

Ignored nodes: comments, script, style
[36m&lt;body&gt;[39m
  [36m&lt;div&gt;[39m
    [36m&lt;input[39m
      [33mdata-testid[39m=[32m&quot;input-test&quot;[39m
      [33mplaceholder[39m=[32m&quot;请输入&quot;[39m
      [33mtype[39m=[32m&quot;text&quot;[39m
      [33mvalue[39m=[32m&quot;&quot;[39m
    [36m/&gt;[39m
  [36m&lt;/div&gt;[39m
[36m&lt;/body&gt;[39m" type="TestingLibraryElementError">
TestingLibraryElementError: Unable to find an element by: [data-testid=&quot;input-item&quot;]

Ignored nodes: comments, script, style
&lt;body&gt;
  &lt;div&gt;
    &lt;input
      data-testid=&quot;input-test&quot;
      placeholder=&quot;请输入&quot;
      type=&quot;text&quot;
      value=&quot;&quot;
    /&gt;
  &lt;/div&gt;
&lt;/body&gt;
 ❯ Object.getElementError node_modules/.pnpm/@testing-library+dom@10.4.1/node_modules/@testing-library/dom/dist/config.js:37:19
 ❯ node_modules/.pnpm/@testing-library+dom@10.4.1/node_modules/@testing-library/dom/dist/query-helpers.js:76:38
 ❯ node_modules/.pnpm/@testing-library+dom@10.4.1/node_modules/@testing-library/dom/dist/query-helpers.js:52:17
 ❯ node_modules/.pnpm/@testing-library+dom@10.4.1/node_modules/@testing-library/dom/dist/query-helpers.js:95:19
 ❯ tests/ui/form/FormItemRenderer.test.tsx:527:19
            </failure>
        </testcase>
        <testcase classname="tests/ui/form/FormItemRenderer.test.tsx" name="FormItemRenderer &gt; 应该支持 config 中的 style 和 className" time="0.0032606">
            <failure message="Unable to find an element by: [data-testid=&quot;input-item&quot;]

Ignored nodes: comments, script, style
[36m&lt;body&gt;[39m
  [36m&lt;div&gt;[39m
    [36m&lt;input[39m
      [33mdata-testid[39m=[32m&quot;input-test&quot;[39m
      [33mplaceholder[39m=[32m&quot;请输入&quot;[39m
      [33mtype[39m=[32m&quot;text&quot;[39m
      [33mvalue[39m=[32m&quot;&quot;[39m
    [36m/&gt;[39m
  [36m&lt;/div&gt;[39m
[36m&lt;/body&gt;[39m" type="TestingLibraryElementError">
TestingLibraryElementError: Unable to find an element by: [data-testid=&quot;input-item&quot;]

Ignored nodes: comments, script, style
&lt;body&gt;
  &lt;div&gt;
    &lt;input
      data-testid=&quot;input-test&quot;
      placeholder=&quot;请输入&quot;
      type=&quot;text&quot;
      value=&quot;&quot;
    /&gt;
  &lt;/div&gt;
&lt;/body&gt;
 ❯ Object.getElementError node_modules/.pnpm/@testing-library+dom@10.4.1/node_modules/@testing-library/dom/dist/config.js:37:19
 ❯ node_modules/.pnpm/@testing-library+dom@10.4.1/node_modules/@testing-library/dom/dist/query-helpers.js:76:38
 ❯ node_modules/.pnpm/@testing-library+dom@10.4.1/node_modules/@testing-library/dom/dist/query-helpers.js:52:17
 ❯ node_modules/.pnpm/@testing-library+dom@10.4.1/node_modules/@testing-library/dom/dist/query-helpers.js:95:19
 ❯ tests/ui/form/FormItemRenderer.test.tsx:544:26
            </failure>
        </testcase>
    </testsuite>
</testsuites>
