{"numTotalTestSuites":2,"numPassedTestSuites":0,"numFailedTestSuites":2,"numPendingTestSuites":0,"numTotalTests":24,"numPassedTests":16,"numFailedTests":8,"numPendingTests":0,"numTodoTests":0,"snapshot":{"added":0,"failure":false,"filesAdded":0,"filesRemoved":0,"filesRemovedList":[],"filesUnmatched":0,"filesUpdated":0,"matched":0,"total":0,"unchecked":0,"uncheckedKeysByFile":[],"unmatched":0,"updated":0,"didUpdate":false},"startTime":1755766009250,"success":false,"testResults":[{"assertionResults":[{"ancestorTitles":["FormItemRenderer"],"fullName":"FormItemRenderer 应该正确渲染 input 类型的表单项","status":"failed","title":"应该正确渲染 input 类型的表单项","duration":147.66849999999977,"failureMessages":["TestingLibraryElementError: Unable to find an element by: [data-testid=\"input-item\"]\n\nIgnored nodes: comments, script, style\n\u001b[36m<body>\u001b[39m\n  \u001b[36m<div>\u001b[39m\n    \u001b[36m<input\u001b[39m\n      \u001b[33mdata-testid\u001b[39m=\u001b[32m\"input-test\"\u001b[39m\n      \u001b[33mplaceholder\u001b[39m=\u001b[32m\"请输入\"\u001b[39m\n      \u001b[33mtype\u001b[39m=\u001b[32m\"text\"\u001b[39m\n      \u001b[33mvalue\u001b[39m=\u001b[32m\"test value\"\u001b[39m\n    \u001b[36m/>\u001b[39m\n  \u001b[36m</div>\u001b[39m\n\u001b[36m</body>\u001b[39m\n    at Object.getElementError (C:\\Users\\wantao\\Code\\wantapp\\node_modules\\.pnpm\\@testing-library+dom@10.4.1\\node_modules\\@testing-library\\dom\\dist\\config.js:37:19)\n    at C:\\Users\\wantao\\Code\\wantapp\\node_modules\\.pnpm\\@testing-library+dom@10.4.1\\node_modules\\@testing-library\\dom\\dist\\query-helpers.js:76:38\n    at C:\\Users\\wantao\\Code\\wantapp\\node_modules\\.pnpm\\@testing-library+dom@10.4.1\\node_modules\\@testing-library\\dom\\dist\\query-helpers.js:52:17\n    at C:\\Users\\wantao\\Code\\wantapp\\node_modules\\.pnpm\\@testing-library+dom@10.4.1\\node_modules\\@testing-library\\dom\\dist\\query-helpers.js:95:19\n    at C:\\Users\\wantao\\Code\\wantapp\\tests\\ui\\form\\FormItemRenderer.test.tsx:195:19\n    at file:///C:/Users/wantao/Code/wantapp/node_modules/.pnpm/@vitest+runner@2.1.9/node_modules/@vitest/runner/dist/index.js:146:14\n    at file:///C:/Users/wantao/Code/wantapp/node_modules/.pnpm/@vitest+runner@2.1.9/node_modules/@vitest/runner/dist/index.js:533:11\n    at runWithTimeout (file:///C:/Users/wantao/Code/wantapp/node_modules/.pnpm/@vitest+runner@2.1.9/node_modules/@vitest/runner/dist/index.js:39:7)\n    at runTest (file:///C:/Users/wantao/Code/wantapp/node_modules/.pnpm/@vitest+runner@2.1.9/node_modules/@vitest/runner/dist/index.js:1056:17)\n    at processTicksAndRejections (node:internal/process/task_queues:95:5)"],"meta":{}},{"ancestorTitles":["FormItemRenderer"],"fullName":"FormItemRenderer 应该正确渲染 number 类型的表单项","status":"failed","title":"应该正确渲染 number 类型的表单项","duration":16.139400000000023,"failureMessages":["Error: \u001b[2mexpect(\u001b[22m\u001b[31melement\u001b[39m\u001b[2m).toHaveValue(\u001b[22m\u001b[32m42\u001b[39m\u001b[2m)\u001b[22m\n\nExpected the element to have value:\n\u001b[32m  42 (string)\u001b[39m\nReceived:\n\u001b[31m  42 (number)\u001b[39m\n    at Proxy.expectWrapper (file:///C:/Users/wantao/Code/wantapp/node_modules/.pnpm/@vitest+expect@2.1.9/node_modules/@vitest/expect/dist/index.js:1996:19)\n    at Proxy.<anonymous> (file:///C:/Users/wantao/Code/wantapp/node_modules/.pnpm/@vitest+expect@2.1.9/node_modules/@vitest/expect/dist/index.js:972:17)\n    at Proxy.methodWrapper (file:///C:/Users/wantao/Code/wantapp/node_modules/.pnpm/chai@5.2.1/node_modules/chai/chai.js:1706:25)\n    at C:\\Users\\wantao\\Code\\wantapp\\tests\\ui\\form\\FormItemRenderer.test.tsx:211:47\n    at file:///C:/Users/wantao/Code/wantapp/node_modules/.pnpm/@vitest+runner@2.1.9/node_modules/@vitest/runner/dist/index.js:146:14\n    at file:///C:/Users/wantao/Code/wantapp/node_modules/.pnpm/@vitest+runner@2.1.9/node_modules/@vitest/runner/dist/index.js:533:11\n    at runWithTimeout (file:///C:/Users/wantao/Code/wantapp/node_modules/.pnpm/@vitest+runner@2.1.9/node_modules/@vitest/runner/dist/index.js:39:7)\n    at runTest (file:///C:/Users/wantao/Code/wantapp/node_modules/.pnpm/@vitest+runner@2.1.9/node_modules/@vitest/runner/dist/index.js:1056:17)\n    at processTicksAndRejections (node:internal/process/task_queues:95:5)\n    at runSuite (file:///C:/Users/wantao/Code/wantapp/node_modules/.pnpm/@vitest+runner@2.1.9/node_modules/@vitest/runner/dist/index.js:1205:15)"],"meta":{}},{"ancestorTitles":["FormItemRenderer"],"fullName":"FormItemRenderer 应该正确渲染 select 类型的表单项","status":"passed","title":"应该正确渲染 select 类型的表单项","duration":34.82390000000032,"failureMessages":[],"meta":{}},{"ancestorTitles":["FormItemRenderer"],"fullName":"FormItemRenderer 应该正确渲染 radio 类型的表单项","status":"passed","title":"应该正确渲染 radio 类型的表单项","duration":11.793700000000172,"failureMessages":[],"meta":{}},{"ancestorTitles":["FormItemRenderer"],"fullName":"FormItemRenderer 应该正确渲染 checkbox 类型的表单项","status":"passed","title":"应该正确渲染 checkbox 类型的表单项","duration":27.88209999999981,"failureMessages":[],"meta":{}},{"ancestorTitles":["FormItemRenderer"],"fullName":"FormItemRenderer 应该正确渲染 switch 类型的表单项","status":"passed","title":"应该正确渲染 switch 类型的表单项","duration":10.902000000000044,"failureMessages":[],"meta":{}},{"ancestorTitles":["FormItemRenderer"],"fullName":"FormItemRenderer 应该正确渲染 date 类型的表单项","status":"passed","title":"应该正确渲染 date 类型的表单项","duration":11.156699999999546,"failureMessages":[],"meta":{}},{"ancestorTitles":["FormItemRenderer"],"fullName":"FormItemRenderer 应该正确渲染 upload 类型的表单项","status":"passed","title":"应该正确渲染 upload 类型的表单项","duration":6.231799999999566,"failureMessages":[],"meta":{}},{"ancestorTitles":["FormItemRenderer"],"fullName":"FormItemRenderer 应该正确渲染 cascader 类型的表单项","status":"passed","title":"应该正确渲染 cascader 类型的表单项","duration":15.466800000000148,"failureMessages":[],"meta":{}},{"ancestorTitles":["FormItemRenderer"],"fullName":"FormItemRenderer 应该正确渲染 treeSelect 类型的表单项","status":"passed","title":"应该正确渲染 treeSelect 类型的表单项","duration":36.23019999999997,"failureMessages":[],"meta":{}},{"ancestorTitles":["FormItemRenderer"],"fullName":"FormItemRenderer 应该正确渲染 rate 类型的表单项","status":"passed","title":"应该正确渲染 rate 类型的表单项","duration":14.46939999999995,"failureMessages":[],"meta":{}},{"ancestorTitles":["FormItemRenderer"],"fullName":"FormItemRenderer 应该正确渲染 slider 类型的表单项","status":"passed","title":"应该正确渲染 slider 类型的表单项","duration":17.60189999999966,"failureMessages":[],"meta":{}},{"ancestorTitles":["FormItemRenderer"],"fullName":"FormItemRenderer 应该正确渲染 colorPicker 类型的表单项","status":"passed","title":"应该正确渲染 colorPicker 类型的表单项","duration":7.267700000000332,"failureMessages":[],"meta":{}},{"ancestorTitles":["FormItemRenderer"],"fullName":"FormItemRenderer 应该正确渲染 custom 类型的表单项","status":"passed","title":"应该正确渲染 custom 类型的表单项","duration":4.573199999999815,"failureMessages":[],"meta":{}},{"ancestorTitles":["FormItemRenderer"],"fullName":"FormItemRenderer 应该支持 textarea 类型","status":"failed","title":"应该支持 textarea 类型","duration":4.008200000000215,"failureMessages":["TestingLibraryElementError: Unable to find an element by: [data-testid=\"input-item\"]\n\nIgnored nodes: comments, script, style\n\u001b[36m<body>\u001b[39m\n  \u001b[36m<div>\u001b[39m\n    \u001b[36m<input\u001b[39m\n      \u001b[33mdata-testid\u001b[39m=\u001b[32m\"input-test\"\u001b[39m\n      \u001b[33mplaceholder\u001b[39m=\u001b[32m\"请输入\"\u001b[39m\n      \u001b[33mtype\u001b[39m=\u001b[32m\"text\"\u001b[39m\n      \u001b[33mvalue\u001b[39m=\u001b[32m\"\"\u001b[39m\n    \u001b[36m/>\u001b[39m\n  \u001b[36m</div>\u001b[39m\n\u001b[36m</body>\u001b[39m\n    at Object.getElementError (C:\\Users\\wantao\\Code\\wantapp\\node_modules\\.pnpm\\@testing-library+dom@10.4.1\\node_modules\\@testing-library\\dom\\dist\\config.js:37:19)\n    at C:\\Users\\wantao\\Code\\wantapp\\node_modules\\.pnpm\\@testing-library+dom@10.4.1\\node_modules\\@testing-library\\dom\\dist\\query-helpers.js:76:38\n    at C:\\Users\\wantao\\Code\\wantapp\\node_modules\\.pnpm\\@testing-library+dom@10.4.1\\node_modules\\@testing-library\\dom\\dist\\query-helpers.js:52:17\n    at C:\\Users\\wantao\\Code\\wantapp\\node_modules\\.pnpm\\@testing-library+dom@10.4.1\\node_modules\\@testing-library\\dom\\dist\\query-helpers.js:95:19\n    at C:\\Users\\wantao\\Code\\wantapp\\tests\\ui\\form\\FormItemRenderer.test.tsx:419:19\n    at file:///C:/Users/wantao/Code/wantapp/node_modules/.pnpm/@vitest+runner@2.1.9/node_modules/@vitest/runner/dist/index.js:146:14\n    at file:///C:/Users/wantao/Code/wantapp/node_modules/.pnpm/@vitest+runner@2.1.9/node_modules/@vitest/runner/dist/index.js:533:11\n    at runWithTimeout (file:///C:/Users/wantao/Code/wantapp/node_modules/.pnpm/@vitest+runner@2.1.9/node_modules/@vitest/runner/dist/index.js:39:7)\n    at runTest (file:///C:/Users/wantao/Code/wantapp/node_modules/.pnpm/@vitest+runner@2.1.9/node_modules/@vitest/runner/dist/index.js:1056:17)\n    at processTicksAndRejections (node:internal/process/task_queues:95:5)"],"meta":{}},{"ancestorTitles":["FormItemRenderer"],"fullName":"FormItemRenderer 应该支持 password 类型","status":"failed","title":"应该支持 password 类型","duration":10.480599999999868,"failureMessages":["TestingLibraryElementError: Unable to find an element by: [data-testid=\"input-item\"]\n\nIgnored nodes: comments, script, style\n\u001b[36m<body>\u001b[39m\n  \u001b[36m<div>\u001b[39m\n    \u001b[36m<input\u001b[39m\n      \u001b[33mdata-testid\u001b[39m=\u001b[32m\"input-test\"\u001b[39m\n      \u001b[33mplaceholder\u001b[39m=\u001b[32m\"请输入\"\u001b[39m\n      \u001b[33mtype\u001b[39m=\u001b[32m\"text\"\u001b[39m\n      \u001b[33mvalue\u001b[39m=\u001b[32m\"\"\u001b[39m\n    \u001b[36m/>\u001b[39m\n  \u001b[36m</div>\u001b[39m\n\u001b[36m</body>\u001b[39m\n    at Object.getElementError (C:\\Users\\wantao\\Code\\wantapp\\node_modules\\.pnpm\\@testing-library+dom@10.4.1\\node_modules\\@testing-library\\dom\\dist\\config.js:37:19)\n    at C:\\Users\\wantao\\Code\\wantapp\\node_modules\\.pnpm\\@testing-library+dom@10.4.1\\node_modules\\@testing-library\\dom\\dist\\query-helpers.js:76:38\n    at C:\\Users\\wantao\\Code\\wantapp\\node_modules\\.pnpm\\@testing-library+dom@10.4.1\\node_modules\\@testing-library\\dom\\dist\\query-helpers.js:52:17\n    at C:\\Users\\wantao\\Code\\wantapp\\node_modules\\.pnpm\\@testing-library+dom@10.4.1\\node_modules\\@testing-library\\dom\\dist\\query-helpers.js:95:19\n    at C:\\Users\\wantao\\Code\\wantapp\\tests\\ui\\form\\FormItemRenderer.test.tsx:432:19\n    at file:///C:/Users/wantao/Code/wantapp/node_modules/.pnpm/@vitest+runner@2.1.9/node_modules/@vitest/runner/dist/index.js:146:14\n    at file:///C:/Users/wantao/Code/wantapp/node_modules/.pnpm/@vitest+runner@2.1.9/node_modules/@vitest/runner/dist/index.js:533:11\n    at runWithTimeout (file:///C:/Users/wantao/Code/wantapp/node_modules/.pnpm/@vitest+runner@2.1.9/node_modules/@vitest/runner/dist/index.js:39:7)\n    at runTest (file:///C:/Users/wantao/Code/wantapp/node_modules/.pnpm/@vitest+runner@2.1.9/node_modules/@vitest/runner/dist/index.js:1056:17)\n    at processTicksAndRejections (node:internal/process/task_queues:95:5)"],"meta":{}},{"ancestorTitles":["FormItemRenderer"],"fullName":"FormItemRenderer 应该支持 multiSelect 类型","status":"passed","title":"应该支持 multiSelect 类型","duration":3.8325000000004366,"failureMessages":[],"meta":{}},{"ancestorTitles":["FormItemRenderer"],"fullName":"FormItemRenderer 应该支持 dateRange 类型","status":"passed","title":"应该支持 dateRange 类型","duration":1.4747999999999593,"failureMessages":[],"meta":{}},{"ancestorTitles":["FormItemRenderer"],"fullName":"FormItemRenderer 应该支持 time 类型","status":"passed","title":"应该支持 time 类型","duration":1.582300000000032,"failureMessages":[],"meta":{}},{"ancestorTitles":["FormItemRenderer"],"fullName":"FormItemRenderer 应该处理未知类型并回退到默认 Input","status":"passed","title":"应该处理未知类型并回退到默认 Input","duration":167.0050000000001,"failureMessages":[],"meta":{}},{"ancestorTitles":["FormItemRenderer"],"fullName":"FormItemRenderer 应该传递 disabled 属性","status":"failed","title":"应该传递 disabled 属性","duration":8.071500000000015,"failureMessages":["TestingLibraryElementError: Unable to find an element by: [data-testid=\"input-item\"]\n\nIgnored nodes: comments, script, style\n\u001b[36m<body>\u001b[39m\n  \u001b[36m<div>\u001b[39m\n    \u001b[36m<input\u001b[39m\n      \u001b[33mdata-testid\u001b[39m=\u001b[32m\"input-test\"\u001b[39m\n      \u001b[33mdisabled\u001b[39m=\u001b[32m\"\"\u001b[39m\n      \u001b[33mplaceholder\u001b[39m=\u001b[32m\"请输入\"\u001b[39m\n      \u001b[33mtype\u001b[39m=\u001b[32m\"text\"\u001b[39m\n      \u001b[33mvalue\u001b[39m=\u001b[32m\"\"\u001b[39m\n    \u001b[36m/>\u001b[39m\n  \u001b[36m</div>\u001b[39m\n\u001b[36m</body>\u001b[39m\n    at Object.getElementError (C:\\Users\\wantao\\Code\\wantapp\\node_modules\\.pnpm\\@testing-library+dom@10.4.1\\node_modules\\@testing-library\\dom\\dist\\config.js:37:19)\n    at C:\\Users\\wantao\\Code\\wantapp\\node_modules\\.pnpm\\@testing-library+dom@10.4.1\\node_modules\\@testing-library\\dom\\dist\\query-helpers.js:76:38\n    at C:\\Users\\wantao\\Code\\wantapp\\node_modules\\.pnpm\\@testing-library+dom@10.4.1\\node_modules\\@testing-library\\dom\\dist\\query-helpers.js:52:17\n    at C:\\Users\\wantao\\Code\\wantapp\\node_modules\\.pnpm\\@testing-library+dom@10.4.1\\node_modules\\@testing-library\\dom\\dist\\query-helpers.js:95:19\n    at C:\\Users\\wantao\\Code\\wantapp\\tests\\ui\\form\\FormItemRenderer.test.tsx:498:19\n    at file:///C:/Users/wantao/Code/wantapp/node_modules/.pnpm/@vitest+runner@2.1.9/node_modules/@vitest/runner/dist/index.js:146:14\n    at file:///C:/Users/wantao/Code/wantapp/node_modules/.pnpm/@vitest+runner@2.1.9/node_modules/@vitest/runner/dist/index.js:533:11\n    at runWithTimeout (file:///C:/Users/wantao/Code/wantapp/node_modules/.pnpm/@vitest+runner@2.1.9/node_modules/@vitest/runner/dist/index.js:39:7)\n    at runTest (file:///C:/Users/wantao/Code/wantapp/node_modules/.pnpm/@vitest+runner@2.1.9/node_modules/@vitest/runner/dist/index.js:1056:17)\n    at processTicksAndRejections (node:internal/process/task_queues:95:5)"],"meta":{}},{"ancestorTitles":["FormItemRenderer"],"fullName":"FormItemRenderer 应该处理 onChange 回调","status":"failed","title":"应该处理 onChange 回调","duration":4.031200000000354,"failureMessages":["TestingLibraryElementError: Unable to find an element by: [data-testid=\"input-item\"]\n\nIgnored nodes: comments, script, style\n\u001b[36m<body>\u001b[39m\n  \u001b[36m<div>\u001b[39m\n    \u001b[36m<input\u001b[39m\n      \u001b[33mdata-testid\u001b[39m=\u001b[32m\"input-test\"\u001b[39m\n      \u001b[33mplaceholder\u001b[39m=\u001b[32m\"请输入\"\u001b[39m\n      \u001b[33mtype\u001b[39m=\u001b[32m\"text\"\u001b[39m\n      \u001b[33mvalue\u001b[39m=\u001b[32m\"\"\u001b[39m\n    \u001b[36m/>\u001b[39m\n  \u001b[36m</div>\u001b[39m\n\u001b[36m</body>\u001b[39m\n    at Object.getElementError (C:\\Users\\wantao\\Code\\wantapp\\node_modules\\.pnpm\\@testing-library+dom@10.4.1\\node_modules\\@testing-library\\dom\\dist\\config.js:37:19)\n    at C:\\Users\\wantao\\Code\\wantapp\\node_modules\\.pnpm\\@testing-library+dom@10.4.1\\node_modules\\@testing-library\\dom\\dist\\query-helpers.js:76:38\n    at C:\\Users\\wantao\\Code\\wantapp\\node_modules\\.pnpm\\@testing-library+dom@10.4.1\\node_modules\\@testing-library\\dom\\dist\\query-helpers.js:52:17\n    at C:\\Users\\wantao\\Code\\wantapp\\node_modules\\.pnpm\\@testing-library+dom@10.4.1\\node_modules\\@testing-library\\dom\\dist\\query-helpers.js:95:19\n    at C:\\Users\\wantao\\Code\\wantapp\\tests\\ui\\form\\FormItemRenderer.test.tsx:511:26\n    at file:///C:/Users/wantao/Code/wantapp/node_modules/.pnpm/@vitest+runner@2.1.9/node_modules/@vitest/runner/dist/index.js:146:14\n    at file:///C:/Users/wantao/Code/wantapp/node_modules/.pnpm/@vitest+runner@2.1.9/node_modules/@vitest/runner/dist/index.js:533:11\n    at runWithTimeout (file:///C:/Users/wantao/Code/wantapp/node_modules/.pnpm/@vitest+runner@2.1.9/node_modules/@vitest/runner/dist/index.js:39:7)\n    at runTest (file:///C:/Users/wantao/Code/wantapp/node_modules/.pnpm/@vitest+runner@2.1.9/node_modules/@vitest/runner/dist/index.js:1056:17)\n    at processTicksAndRejections (node:internal/process/task_queues:95:5)"],"meta":{}},{"ancestorTitles":["FormItemRenderer"],"fullName":"FormItemRenderer 应该处理 config 中的 disabled 属性","status":"failed","title":"应该处理 config 中的 disabled 属性","duration":2.7874000000001615,"failureMessages":["TestingLibraryElementError: Unable to find an element by: [data-testid=\"input-item\"]\n\nIgnored nodes: comments, script, style\n\u001b[36m<body>\u001b[39m\n  \u001b[36m<div>\u001b[39m\n    \u001b[36m<input\u001b[39m\n      \u001b[33mdata-testid\u001b[39m=\u001b[32m\"input-test\"\u001b[39m\n      \u001b[33mplaceholder\u001b[39m=\u001b[32m\"请输入\"\u001b[39m\n      \u001b[33mtype\u001b[39m=\u001b[32m\"text\"\u001b[39m\n      \u001b[33mvalue\u001b[39m=\u001b[32m\"\"\u001b[39m\n    \u001b[36m/>\u001b[39m\n  \u001b[36m</div>\u001b[39m\n\u001b[36m</body>\u001b[39m\n    at Object.getElementError (C:\\Users\\wantao\\Code\\wantapp\\node_modules\\.pnpm\\@testing-library+dom@10.4.1\\node_modules\\@testing-library\\dom\\dist\\config.js:37:19)\n    at C:\\Users\\wantao\\Code\\wantapp\\node_modules\\.pnpm\\@testing-library+dom@10.4.1\\node_modules\\@testing-library\\dom\\dist\\query-helpers.js:76:38\n    at C:\\Users\\wantao\\Code\\wantapp\\node_modules\\.pnpm\\@testing-library+dom@10.4.1\\node_modules\\@testing-library\\dom\\dist\\query-helpers.js:52:17\n    at C:\\Users\\wantao\\Code\\wantapp\\node_modules\\.pnpm\\@testing-library+dom@10.4.1\\node_modules\\@testing-library\\dom\\dist\\query-helpers.js:95:19\n    at C:\\Users\\wantao\\Code\\wantapp\\tests\\ui\\form\\FormItemRenderer.test.tsx:527:19\n    at file:///C:/Users/wantao/Code/wantapp/node_modules/.pnpm/@vitest+runner@2.1.9/node_modules/@vitest/runner/dist/index.js:146:14\n    at file:///C:/Users/wantao/Code/wantapp/node_modules/.pnpm/@vitest+runner@2.1.9/node_modules/@vitest/runner/dist/index.js:533:11\n    at runWithTimeout (file:///C:/Users/wantao/Code/wantapp/node_modules/.pnpm/@vitest+runner@2.1.9/node_modules/@vitest/runner/dist/index.js:39:7)\n    at runTest (file:///C:/Users/wantao/Code/wantapp/node_modules/.pnpm/@vitest+runner@2.1.9/node_modules/@vitest/runner/dist/index.js:1056:17)\n    at processTicksAndRejections (node:internal/process/task_queues:95:5)"],"meta":{}},{"ancestorTitles":["FormItemRenderer"],"fullName":"FormItemRenderer 应该支持 config 中的 style 和 className","status":"failed","title":"应该支持 config 中的 style 和 className","duration":3.260599999999613,"failureMessages":["TestingLibraryElementError: Unable to find an element by: [data-testid=\"input-item\"]\n\nIgnored nodes: comments, script, style\n\u001b[36m<body>\u001b[39m\n  \u001b[36m<div>\u001b[39m\n    \u001b[36m<input\u001b[39m\n      \u001b[33mdata-testid\u001b[39m=\u001b[32m\"input-test\"\u001b[39m\n      \u001b[33mplaceholder\u001b[39m=\u001b[32m\"请输入\"\u001b[39m\n      \u001b[33mtype\u001b[39m=\u001b[32m\"text\"\u001b[39m\n      \u001b[33mvalue\u001b[39m=\u001b[32m\"\"\u001b[39m\n    \u001b[36m/>\u001b[39m\n  \u001b[36m</div>\u001b[39m\n\u001b[36m</body>\u001b[39m\n    at Object.getElementError (C:\\Users\\wantao\\Code\\wantapp\\node_modules\\.pnpm\\@testing-library+dom@10.4.1\\node_modules\\@testing-library\\dom\\dist\\config.js:37:19)\n    at C:\\Users\\wantao\\Code\\wantapp\\node_modules\\.pnpm\\@testing-library+dom@10.4.1\\node_modules\\@testing-library\\dom\\dist\\query-helpers.js:76:38\n    at C:\\Users\\wantao\\Code\\wantapp\\node_modules\\.pnpm\\@testing-library+dom@10.4.1\\node_modules\\@testing-library\\dom\\dist\\query-helpers.js:52:17\n    at C:\\Users\\wantao\\Code\\wantapp\\node_modules\\.pnpm\\@testing-library+dom@10.4.1\\node_modules\\@testing-library\\dom\\dist\\query-helpers.js:95:19\n    at C:\\Users\\wantao\\Code\\wantapp\\tests\\ui\\form\\FormItemRenderer.test.tsx:544:26\n    at file:///C:/Users/wantao/Code/wantapp/node_modules/.pnpm/@vitest+runner@2.1.9/node_modules/@vitest/runner/dist/index.js:146:14\n    at file:///C:/Users/wantao/Code/wantapp/node_modules/.pnpm/@vitest+runner@2.1.9/node_modules/@vitest/runner/dist/index.js:533:11\n    at runWithTimeout (file:///C:/Users/wantao/Code/wantapp/node_modules/.pnpm/@vitest+runner@2.1.9/node_modules/@vitest/runner/dist/index.js:39:7)\n    at runTest (file:///C:/Users/wantao/Code/wantapp/node_modules/.pnpm/@vitest+runner@2.1.9/node_modules/@vitest/runner/dist/index.js:1056:17)\n    at processTicksAndRejections (node:internal/process/task_queues:95:5)"],"meta":{}}],"startTime":1755766015490,"endTime":1755766016060.2605,"status":"failed","message":"","name":"C:/Users/wantao/Code/wantapp/tests/ui/form/FormItemRenderer.test.tsx"}]}