{"numTotalTestSuites":1,"numPassedTestSuites":0,"numFailedTestSuites":1,"numPendingTestSuites":0,"numTotalTests":0,"numPassedTests":0,"numFailedTests":0,"numPendingTests":0,"numTodoTests":0,"snapshot":{"added":0,"failure":false,"filesAdded":0,"filesRemoved":0,"filesRemovedList":[],"filesUnmatched":0,"filesUpdated":0,"matched":0,"total":0,"unchecked":0,"uncheckedKeysByFile":[],"unmatched":0,"updated":0,"didUpdate":false},"startTime":1757042192219,"success":false,"testResults":[{"assertionResults":[],"startTime":1757042192219,"endTime":1757042192219,"status":"failed","message":"window is not defined","name":"C:/Users/wantao/Code/wantapp/tests/api/admin.users.route.test.ts"}]}